Arguments: 
  C:\Program Files\nodejs\node.exe C:\Program Files (x86)\Yarn\bin\yarn.js add express

PATH: 
  C:\Users\alanbarros\Programs\CMDER\bin;C:\Users\alanbarros\Programs\CMDER\vendor\bin;C:\Users\alanbarros\Programs\CMDER\vendor\conemu-maximus5\ConEmu\Scripts;C:\Users\alanbarros\Programs\CMDER\vendor\conemu-maximus5;C:\Users\alanbarros\Programs\CMDER\vendor\conemu-maximus5\ConEmu;C:\ProgramData\DockerDesktop\version-bin;C:\Program Files\Docker\Docker\Resources\bin;C:\WINDOWS\system32;C:\WINDOWS;C:\WINDOWS\System32\Wbem;C:\WINDOWS\System32\WindowsPowerShell\v1.0\;C:\Users\alanbarros\.dnx\bin;C:\Program Files\Microsoft DNX\Dnvm\;C:\Program Files\Microsoft SQL Server\120\Tools\Binn\;C:\Program Files\Microsoft SQL Server\Client SDK\ODBC\110\Tools\Binn\;C:\Program Files (x86)\Microsoft SQL Server\120\Tools\Binn\;C:\Program Files\Microsoft SQL Server\120\DTS\Binn\;C:\Program Files (x86)\Microsoft SQL Server\120\Tools\Binn\ManagementStudio\;C:\Program Files (x86)\Microsoft SQL Server\120\DTS\Binn\;C:\Program Files\Microsoft SQL Server\130\Tools\Binn\;C:\Program Files\Git\cmd;C:\Program Files (x86)\Microsoft SQL Server\110\DTS\Binn\;C:\Program Files (x86)\Microsoft SQL Server\130\DTS\Binn\;C:\Program Files (x86)\Brackets\command;C:\Program Files\dotnet\;C:\WINDOWS\System32\OpenSSH\;C:\Program Files (x86)\Microsoft SQL Server\Client SDK\ODBC\130\Tools\Binn\;C:\Program Files (x86)\Microsoft SQL Server\140\Tools\Binn\;C:\Program Files (x86)\Microsoft SQL Server\140\DTS\Binn\;C:\Program Files (x86)\Microsoft SQL Server\140\Tools\Binn\ManagementStudio\;C:\Program Files\Microsoft SQL Server\Client SDK\ODBC\130\Tools\Binn\;C:\Program Files\Microsoft SQL Server\140\Tools\Binn\;C:\Program Files\Microsoft SQL Server\140\DTS\Binn\;C:\Program Files\Microsoft SQL Server\Client SDK\ODBC\170\Tools\Binn\;C:\Program Files\nodejs\;C:\Program Files (x86)\dotnet\;C:\Program Files\PuTTY\;C:\Program Files\TortoiseGit\bin;C:\ProgramData\chocolatey\bin;C:\Go\bin;C:\Program Files (x86)\Yarn\bin\;C:\Ruby26-x64\bin;C:\Users\alanbarros\AppData\Local\Microsoft\WindowsApps;C:\Users\alanbarros\.dotnet\tools;C:\Users\alanbarros\AppData\Roaming\npm;C:\Program Files\heroku\bin;C:\Program Files\MongoDB\Server\4.0\bin;C:\Users\alanbarros\Programs\CMDER;C:\Program Files\Microsoft VS Code;C:\Users\alanbarros\AppData\Local\Programs\Azure Data Studio\bin;C:\Users\alanbarros\go\bin;C:\Users\alanbarros\AppData\Local\Yarn\bin;C:\Program Files\Git\cmd;C:\Program Files\Git\mingw64\bin;C:\Program Files\Git\usr\bin;C:\Users\alanbarros\Programs\CMDER

Yarn version: 
  1.17.3

Node version: 
  12.0.0

Platform: 
  win32 x64

Trace: 
  Error: https://registry.yarnpkg.com/express: tunneling socket could not be established, statusCode=407
      at ClientRequest.onConnect (C:\Program Files (x86)\Yarn\lib\cli.js:151939:19)
      at Object.onceWrapper (events.js:284:20)
      at ClientRequest.emit (events.js:196:13)
      at Socket.socketOnData (_http_client.js:485:11)
      at Socket.emit (events.js:196:13)
      at addChunk (_stream_readable.js:290:12)
      at readableAddChunk (_stream_readable.js:271:11)
      at Socket.Readable.push (_stream_readable.js:226:10)
      at TCP.onStreamRead (internal/stream_base_commons.js:166:17)

npm manifest: 
  {
    "name": "backend",
    "version": "1.0.0",
    "main": "index.js",
    "license": "MIT"
  }

yarn manifest: 
  No manifest

Lockfile: 
  No lockfile
